<?xml version="1.0" encoding="UTF-8"?>
<testng-results ignored="0" total="5" passed="5" failed="0" skipped="0">
  <reporter-output>
  </reporter-output>
  <suite started-at="2022-12-07T10:26:22 IST" name="Default suite" finished-at="2022-12-07T10:26:24 IST" duration-ms="2784">
    <groups>
    </groups>
    <test started-at="2022-12-07T10:26:22 IST" name="Default test" finished-at="2022-12-07T10:26:24 IST" duration-ms="2784">
      <class name="tests.DemoAPITest">
        <test-method signature="delete()[pri:0, instance:tests.DemoAPITest@4de4b452]" started-at="2022-12-07T10:26:22 IST" name="delete" finished-at="2022-12-07T10:26:24 IST" duration-ms="2348" status="PASS">
          <reporter-output>
          </reporter-output>
        </test-method> <!-- delete -->
        <test-method signature="get()[pri:0, instance:tests.DemoAPITest@4de4b452]" started-at="2022-12-07T10:26:24 IST" name="get" finished-at="2022-12-07T10:26:24 IST" duration-ms="129" status="PASS">
          <reporter-output>
          </reporter-output>
        </test-method> <!-- get -->
        <test-method signature="patch()[pri:0, instance:tests.DemoAPITest@4de4b452]" started-at="2022-12-07T10:26:24 IST" name="patch" finished-at="2022-12-07T10:26:24 IST" duration-ms="81" status="PASS">
          <reporter-output>
          </reporter-output>
        </test-method> <!-- patch -->
        <test-method signature="post()[pri:0, instance:tests.DemoAPITest@4de4b452]" started-at="2022-12-07T10:26:24 IST" name="post" finished-at="2022-12-07T10:26:24 IST" duration-ms="73" status="PASS">
          <reporter-output>
          </reporter-output>
        </test-method> <!-- post -->
        <test-method signature="put()[pri:0, instance:tests.DemoAPITest@4de4b452]" started-at="2022-12-07T10:26:24 IST" name="put" finished-at="2022-12-07T10:26:24 IST" duration-ms="43" status="PASS">
          <reporter-output>
          </reporter-output>
        </test-method> <!-- put -->
      </class> <!-- tests.DemoAPITest -->
    </test> <!-- Default test -->
  </suite> <!-- Default suite -->
</testng-results>
