<?xml version="1.0" encoding="UTF-8"?>
<!-- Generated by org.testng.reporters.JUnitXMLReporter -->
<testsuite ignored="0" hostname="ip-172-31-46-167" failures="0" tests="5" name="Default test" time="2.784" errors="0" timestamp="2022-12-07T10:26:24 IST">
  <testcase classname="tests.DemoAPITest" name="delete" time="2.348"/>
  <testcase classname="tests.DemoAPITest" name="get" time="0.129"/>
  <testcase classname="tests.DemoAPITest" name="patch" time="0.081"/>
  <testcase classname="tests.DemoAPITest" name="post" time="0.073"/>
  <testcase classname="tests.DemoAPITest" name="put" time="0.043"/>
</testsuite> <!-- Default test -->
